               ----------------------------------------
               - AVL -  Linear Equation Solver - GCCG -
               ----------------------------------------
                     diagonal scaling


     Input File:  tjunc.dat
     ===========

     Output File:  summary.out
     ============

     No. of Active Cells:  13844
     ====================

     Iteration Count - Residual Ratio
     ================================

338 9.776680e-11
     Addresses Solution (Minima)           Addresses Solution (Maxima)
     ===========================           ===========================

13666.000000 -3782.692366 5888.000000 1824.507668
13667.000000 -3781.468255 5927.000000 1823.323990
13665.000000 -3780.493189 6395.000000 1823.051893
13668.000000 -3777.207898 5381.000000 1822.909293
13680.000000 -3774.960307 5966.000000 1822.338630
13664.000000 -3774.506815 6434.000000 1822.135007
13681.000000 -3773.497115 5420.000000 1822.018688
13679.000000 -3773.152139 6005.000000 1821.269939
13669.000000 -3770.369968 6473.000000 1821.265902
13682.000000 -3769.183153 5459.000000 1821.176817
